This is pdfTeX, Version 3.141592653-2.6-1.40.26 (MiKTeX 24.3) (preloaded format=pdflatex 2024.3.26)  15 APR 2025 15:13
entering extended mode
 restricted \write18 enabled.
 %&-line parsing enabled.
**./tcs94_PHYS122_LCR.tex
(tcs94_PHYS122_LCR.tex
LaTeX2e <2023-11-01> patch level 1
L3 programming layer <2024-03-14>
(C:\Users\Trevor\AppData\Local\Programs\MiKTeX\tex/latex/base\article.cls
Document Class: article 2023/05/17 v1.4n Standard LaTeX document class
(C:\Users\Trevor\AppData\Local\Programs\MiKTeX\tex/latex/base\size12.clo
File: size12.clo 2023/05/17 v1.4n Standard LaTeX file (size option)
)
\c@part=\count188
\c@section=\count189
\c@subsection=\count190
\c@subsubsection=\count191
\c@paragraph=\count192
\c@subparagraph=\count193
\c@figure=\count194
\c@table=\count195
\abovecaptionskip=\skip48
\belowcaptionskip=\skip49
\bibindent=\dimen140
)
(C:\Users\Trevor\AppData\Local\Programs\MiKTeX\tex/latex/amsmath\amsmath.sty
Package: amsmath 2023/05/13 v2.17o AMS math features
\@mathmargin=\skip50

For additional information on amsmath, use the `?' option.
(C:\Users\Trevor\AppData\Local\Programs\MiKTeX\tex/latex/amsmath\amstext.sty
Package: amstext 2021/08/26 v2.01 AMS text

(C:\Users\Trevor\AppData\Local\Programs\MiKTeX\tex/latex/amsmath\amsgen.sty
File: amsgen.sty 1999/11/30 v2.0 generic functions
\@emptytoks=\toks17
\ex@=\dimen141
))
(C:\Users\Trevor\AppData\Local\Programs\MiKTeX\tex/latex/amsmath\amsbsy.sty
Package: amsbsy 1999/11/29 v1.2d Bold Symbols
\pmbraise@=\dimen142
)
(C:\Users\Trevor\AppData\Local\Programs\MiKTeX\tex/latex/amsmath\amsopn.sty
Package: amsopn 2022/04/08 v2.04 operator names
)
\inf@bad=\count196
LaTeX Info: Redefining \frac on input line 234.
\uproot@=\count197
\leftroot@=\count198
LaTeX Info: Redefining \overline on input line 399.
LaTeX Info: Redefining \colon on input line 410.
\classnum@=\count199
\DOTSCASE@=\count266
LaTeX Info: Redefining \ldots on input line 496.
LaTeX Info: Redefining \dots on input line 499.
LaTeX Info: Redefining \cdots on input line 620.
\Mathstrutbox@=\box51
\strutbox@=\box52
LaTeX Info: Redefining \big on input line 722.
LaTeX Info: Redefining \Big on input line 723.
LaTeX Info: Redefining \bigg on input line 724.
LaTeX Info: Redefining \Bigg on input line 725.
\big@size=\dimen143
LaTeX Font Info:    Redeclaring font encoding OML on input line 743.
LaTeX Font Info:    Redeclaring font encoding OMS on input line 744.
\macc@depth=\count267
LaTeX Info: Redefining \bmod on input line 905.
LaTeX Info: Redefining \pmod on input line 910.
LaTeX Info: Redefining \smash on input line 940.
LaTeX Info: Redefining \relbar on input line 970.
LaTeX Info: Redefining \Relbar on input line 971.
\c@MaxMatrixCols=\count268
\dotsspace@=\muskip16
\c@parentequation=\count269
\dspbrk@lvl=\count270
\tag@help=\toks18
\row@=\count271
\column@=\count272
\maxfields@=\count273
\andhelp@=\toks19
\eqnshift@=\dimen144
\alignsep@=\dimen145
\tagshift@=\dimen146
\tagwidth@=\dimen147
\totwidth@=\dimen148
\lineht@=\dimen149
\@envbody=\toks20
\multlinegap=\skip51
\multlinetaggap=\skip52
\mathdisplay@stack=\toks21
LaTeX Info: Redefining \[ on input line 2953.
LaTeX Info: Redefining \] on input line 2954.
)
(C:\Users\Trevor\AppData\Local\Programs\MiKTeX\tex/latex/amsfonts\amssymb.sty
Package: amssymb 2013/01/14 v3.01 AMS font symbols

(C:\Users\Trevor\AppData\Local\Programs\MiKTeX\tex/latex/amsfonts\amsfonts.sty
Package: amsfonts 2013/01/14 v3.01 Basic AMSFonts support
\symAMSa=\mathgroup4
\symAMSb=\mathgroup5
LaTeX Font Info:    Redeclaring math symbol \hbar on input line 98.
LaTeX Font Info:    Overwriting math alphabet `\mathfrak' in version `bold'
(Font)                  U/euf/m/n --> U/euf/b/n on input line 106.
))
(C:\Users\Trevor\AppData\Local\Programs\MiKTeX\tex/latex/derivative\derivative.
sty (C:\Users\Trevor\AppData\Local\Programs\MiKTeX\tex/latex/l3kernel\expl3.sty
Package: expl3 2024-03-14 L3 programming layer (loader) 

(C:\Users\Trevor\AppData\Local\Programs\MiKTeX\tex/latex/l3backend\l3backend-pd
ftex.def
File: l3backend-pdftex.def 2024-03-14 L3 backend support: PDF output (pdfTeX)
\l__color_backend_stack_int=\count274
\l__pdf_internal_box=\box53
))
(C:\Users\Trevor\AppData\Local\Programs\MiKTeX\tex/latex/l3packages/l3keys2e\l3
keys2e.sty
Package: l3keys2e 2024-03-14 LaTeX2e option processing using LaTeX3 keys
)
Package: derivative 2024/02/08 v1.4 Nice and easy derivatives and differentials
 for LaTeX
\l__deriv_gcd_counter_int=\count275
\l__deriv_vmo_int=\count276
\l__deriv_var_count_int=\count277
\l__deriv_tmpa_int=\count278
\l__deriv_tmpb_int=\count279
\l__deriv_seq_pos_int=\count280
\l__deriv_sort_max_int=\count281
)
(C:\Users\Trevor\AppData\Local\Programs\MiKTeX\tex/latex/graphics\graphicx.sty
Package: graphicx 2021/09/16 v1.2d Enhanced LaTeX Graphics (DPC,SPQR)

(C:\Users\Trevor\AppData\Local\Programs\MiKTeX\tex/latex/graphics\keyval.sty
Package: keyval 2022/05/29 v1.15 key=value parser (DPC)
\KV@toks@=\toks22
)
(C:\Users\Trevor\AppData\Local\Programs\MiKTeX\tex/latex/graphics\graphics.sty
Package: graphics 2022/03/10 v1.4e Standard LaTeX Graphics (DPC,SPQR)

(C:\Users\Trevor\AppData\Local\Programs\MiKTeX\tex/latex/graphics\trig.sty
Package: trig 2021/08/11 v1.11 sin cos tan (DPC)
)
(C:\Users\Trevor\AppData\Local\Programs\MiKTeX\tex/latex/graphics-cfg\graphics.
cfg
File: graphics.cfg 2016/06/04 v1.11 sample graphics configuration
)
Package graphics Info: Driver file: pdftex.def on input line 107.

(C:\Users\Trevor\AppData\Local\Programs\MiKTeX\tex/latex/graphics-def\pdftex.de
f
File: pdftex.def 2022/09/22 v1.2b Graphics/color driver for pdftex
))
\Gin@req@height=\dimen150
\Gin@req@width=\dimen151
)
(C:\Users\Trevor\AppData\Local\Programs\MiKTeX\tex/latex/wrapfig\wrapfig.sty
\wrapoverhang=\dimen152
\WF@size=\dimen153
\c@WF@wrappedlines=\count282
\WF@box=\box54
\WF@everypar=\toks23
Package: wrapfig 2003/01/31  v 3.6
)
(C:\Users\Trevor\AppData\Local\Programs\MiKTeX\tex/latex/epstopdf-pkg\epstopdf.
sty
Package: epstopdf 2020-01-24 v2.11 Conversion with epstopdf on the fly (HO)

(C:\Users\Trevor\AppData\Local\Programs\MiKTeX\tex/generic/infwarerr\infwarerr.
sty
Package: infwarerr 2019/12/03 v1.5 Providing info/warning/error messages (HO)
) (C:\Users\Trevor\AppData\Local\Programs\MiKTeX\tex/latex/grfext\grfext.sty
Package: grfext 2019/12/03 v1.3 Manage graphics extensions (HO)

(C:\Users\Trevor\AppData\Local\Programs\MiKTeX\tex/generic/kvdefinekeys\kvdefin
ekeys.sty
Package: kvdefinekeys 2019-12-19 v1.6 Define keys (HO)
))
(C:\Users\Trevor\AppData\Local\Programs\MiKTeX\tex/latex/kvoptions\kvoptions.st
y
Package: kvoptions 2022-06-15 v3.15 Key value format for package options (HO)

(C:\Users\Trevor\AppData\Local\Programs\MiKTeX\tex/generic/ltxcmds\ltxcmds.sty
Package: ltxcmds 2023-12-04 v1.26 LaTeX kernel commands for general use (HO)
)
(C:\Users\Trevor\AppData\Local\Programs\MiKTeX\tex/latex/kvsetkeys\kvsetkeys.st
y
Package: kvsetkeys 2022-10-05 v1.19 Key value parser (HO)
))
(C:\Users\Trevor\AppData\Local\Programs\MiKTeX\tex/generic/pdftexcmds\pdftexcmd
s.sty
Package: pdftexcmds 2020-06-27 v0.33 Utility functions of pdfTeX for LuaTeX (HO
)

(C:\Users\Trevor\AppData\Local\Programs\MiKTeX\tex/generic/iftex\iftex.sty
Package: iftex 2022/02/03 v1.0f TeX engine tests
)
Package pdftexcmds Info: \pdf@primitive is available.
Package pdftexcmds Info: \pdf@ifprimitive is available.
Package pdftexcmds Info: \pdfdraftmode found.
)
(C:\Users\Trevor\AppData\Local\Programs\MiKTeX\tex/latex/epstopdf-pkg\epstopdf-
base.sty
Package: epstopdf-base 2020-01-24 v2.11 Base part for package epstopdf
Package epstopdf-base Info: Redefining graphics rule for `.eps' on input line 4
85.
Package grfext Info: Graphics extension search list:
(grfext)             [.pdf,.png,.jpg,.mps,.jpeg,.jbig2,.jb2,.PDF,.PNG,.JPG,.JPE
G,.JBIG2,.JB2,.eps]
(grfext)             \AppendGraphicsExtensions on input line 504.

(C:\Users\Trevor\AppData\Local\Programs\MiKTeX\tex/latex/00miktex\epstopdf-sys.
cfg
File: epstopdf-sys.cfg 2021/03/18 v2.0 Configuration of epstopdf for MiKTeX
))) (C:\Users\Trevor\AppData\Local\Programs\MiKTeX\tex/latex/float\float.sty
Package: float 2001/11/08 v1.3d Float enhancements (AL)
\c@float@type=\count283
\float@exts=\toks24
\float@box=\box55
\@float@everytoks=\toks25
\@floatcapt=\box56
)
(C:\Users\Trevor\AppData\Local\Programs\MiKTeX\tex/latex/subfigure\subfigure.st
y
Package: subfigure 2002/07/30 v2.1.4 subfigure package
\subfigtopskip=\skip53
\subfigcapskip=\skip54
\subfigcaptopadj=\dimen154
\subfigbottomskip=\skip55
\subfigcapmargin=\dimen155
\subfiglabelskip=\skip56
\c@subfigure=\count284
\c@lofdepth=\count285
\c@subtable=\count286
\c@lotdepth=\count287

****************************************
* Local config file subfigure.cfg used *
****************************************

(C:\Users\Trevor\AppData\Local\Programs\MiKTeX\tex/latex/subfigure\subfigure.cf
g)
\subfig@top=\skip57
\subfig@bottom=\skip58
) (C:\Users\Trevor\AppData\Local\Programs\MiKTeX\tex/latex/lipsum\lipsum.sty
Package: lipsum 2021-09-20 v2.7 150 paragraphs of Lorem Ipsum dummy text
\g__lipsum_par_int=\count288
\l__lipsum_a_int=\count289
\l__lipsum_b_int=\count290

(C:\Users\Trevor\AppData\Local\Programs\MiKTeX\tex/latex/lipsum\lipsum.ltd.tex)
) (C:\Users\Trevor\AppData\Local\Programs\MiKTeX\tex/latex/caption\caption.sty
Package: caption 2023/08/05 v3.6o Customizing captions (AR)

(C:\Users\Trevor\AppData\Local\Programs\MiKTeX\tex/latex/caption\caption3.sty
Package: caption3 2023/07/31 v2.4d caption3 kernel (AR)
\caption@tempdima=\dimen156
\captionmargin=\dimen157
\caption@leftmargin=\dimen158
\caption@rightmargin=\dimen159
\caption@width=\dimen160
\caption@indent=\dimen161
\caption@parindent=\dimen162
\caption@hangindent=\dimen163
Package caption Info: Standard document class detected.
)
\c@caption@flags=\count291
\c@continuedfloat=\count292
Package caption Info: float package is loaded.
Package caption Info: subfigure package is loaded.
Package caption Info: wrapfig package is loaded.
) (C:\Users\Trevor\AppData\Local\Programs\MiKTeX\tex/latex/pdfpages\pdfpages.st
y
Package: pdfpages 2025/03/12 v0.6f Insert pages of external PDF documents (AM)
(C:\Users\Trevor\AppData\Local\Programs\MiKTeX\tex/latex/base\ifthen.sty
Package: ifthen 2022/04/13 v1.1d Standard LaTeX ifthen package (DPC)
)
(C:\Users\Trevor\AppData\Local\Programs\MiKTeX\tex/latex/tools\calc.sty
Package: calc 2023/07/08 v4.3 Infix arithmetic (KKT,FJ)
\calc@Acount=\count293
\calc@Bcount=\count294
\calc@Adimen=\dimen164
\calc@Bdimen=\dimen165
\calc@Askip=\skip59
\calc@Bskip=\skip60
LaTeX Info: Redefining \setlength on input line 80.
LaTeX Info: Redefining \addtolength on input line 81.
\calc@Ccount=\count295
\calc@Cskip=\skip61
)
(C:\Users\Trevor\AppData\Local\Programs\MiKTeX\tex/latex/eso-pic\eso-pic.sty
Package: eso-pic 2023/05/03 v3.0c eso-pic (RN)
\ESO@tempdima=\dimen166
\ESO@tempdimb=\dimen167

(C:\Users\Trevor\AppData\Local\Programs\MiKTeX\tex/latex/xcolor\xcolor.sty
Package: xcolor 2023/11/15 v3.01 LaTeX color extensions (UK)

(C:\Users\Trevor\AppData\Local\Programs\MiKTeX\tex/latex/graphics-cfg\color.cfg
File: color.cfg 2016/01/02 v1.6 sample color configuration
)
Package xcolor Info: Driver file: pdftex.def on input line 274.

(C:\Users\Trevor\AppData\Local\Programs\MiKTeX\tex/latex/graphics\mathcolor.ltx
)
Package xcolor Info: Model `cmy' substituted by `cmy0' on input line 1350.
Package xcolor Info: Model `hsb' substituted by `rgb' on input line 1354.
Package xcolor Info: Model `RGB' extended on input line 1366.
Package xcolor Info: Model `HTML' substituted by `rgb' on input line 1368.
Package xcolor Info: Model `Hsb' substituted by `hsb' on input line 1369.
Package xcolor Info: Model `tHsb' substituted by `hsb' on input line 1370.
Package xcolor Info: Model `HSB' substituted by `hsb' on input line 1371.
Package xcolor Info: Model `Gray' substituted by `gray' on input line 1372.
Package xcolor Info: Model `wave' substituted by `hsb' on input line 1373.
))
(C:\Users\Trevor\AppData\Local\Programs\MiKTeX\tex/latex/etoolbox\etoolbox.sty
Package: etoolbox 2020/10/05 v2.5k e-TeX tools for LaTeX (JAW)
\etb@tempcnta=\count296
)
\AM@pagewidth=\dimen168
\AM@pageheight=\dimen169
\AM@fboxrule=\dimen170
(C:\Users\Trevor\AppData\Local\Programs\MiKTeX\tex/latex/pdfpages\pppdftex.def
File: pppdftex.def 2025/03/12 v0.6f Pdfpages driver for pdfTeX (AM)
)
\pdfpages@includegraphics@status=\count297
\AM@pagebox=\box57
\AM@global@opts=\toks26
\AM@pagecnt=\count298
\AM@toc@title=\toks27
\AM@lof@heading=\toks28
\c@AM@survey=\count299
\AM@templatesizebox=\box58
)
(C:\Users\Trevor\AppData\Local\Programs\MiKTeX\tex/latex/caption\subcaption.sty
Package: subcaption 2023/07/28 v1.6b Sub-captions (AR)
LaTeX Info: Redefining \subref on input line 189.
Package subcaption Info: The counter `subfigure' was already defined by
(subcaption)             an unknown document class or package on input line 238
.
Package subcaption Info: The counter `subtable' was already defined by
(subcaption)             an unknown document class or package on input line 238
.
)
(C:\Users\Trevor\AppData\Local\Programs\MiKTeX\tex/latex/booktabs\booktabs.sty
Package: booktabs 2020/01/12 v1.61803398 Publication quality tables
\heavyrulewidth=\dimen171
\lightrulewidth=\dimen172
\cmidrulewidth=\dimen173
\belowrulesep=\dimen174
\belowbottomsep=\dimen175
\aboverulesep=\dimen176
\abovetopsep=\dimen177
\cmidrulesep=\dimen178
\cmidrulekern=\dimen179
\defaultaddspace=\dimen180
\@cmidla=\count300
\@cmidlb=\count301
\@aboverulesep=\dimen181
\@belowrulesep=\dimen182
\@thisruleclass=\count302
\@lastruleclass=\count303
\@thisrulewidth=\dimen183
) (C:\Users\Trevor\AppData\Local\Programs\MiKTeX\tex/latex/base\inputenc.sty
Package: inputenc 2021/02/14 v1.3d Input encoding file
\inpenc@prehook=\toks29
\inpenc@posthook=\toks30
)
(C:\Users\Trevor\AppData\Local\Programs\MiKTeX\tex/latex/geometry\geometry.sty
Package: geometry 2020/01/02 v5.9 Page Geometry

(C:\Users\Trevor\AppData\Local\Programs\MiKTeX\tex/generic/iftex\ifvtex.sty
Package: ifvtex 2019/10/25 v1.7 ifvtex legacy package. Use iftex instead.
)
\Gm@cnth=\count304
\Gm@cntv=\count305
\c@Gm@tempcnt=\count306
\Gm@bindingoffset=\dimen184
\Gm@wd@mp=\dimen185
\Gm@odd@mp=\dimen186
\Gm@even@mp=\dimen187
\Gm@layoutwidth=\dimen188
\Gm@layoutheight=\dimen189
\Gm@layouthoffset=\dimen190
\Gm@layoutvoffset=\dimen191
\Gm@dimlist=\toks31

(C:\Users\Trevor\AppData\Local\Programs\MiKTeX\tex/latex/geometry\geometry.cfg)
)
(C:\Users\Trevor\AppData\Local\Programs\MiKTeX\tex/latex/fancyhdr\fancyhdr.sty
Package: fancyhdr 2022/11/09 v4.1 Extensive control of page headers and footers

\f@nch@headwidth=\skip62
\f@nch@O@elh=\skip63
\f@nch@O@erh=\skip64
\f@nch@O@olh=\skip65
\f@nch@O@orh=\skip66
\f@nch@O@elf=\skip67
\f@nch@O@erf=\skip68
\f@nch@O@olf=\skip69
\f@nch@O@orf=\skip70
) (C:\Users\Trevor\AppData\Local\Programs\MiKTeX\tex/latex/tools\indentfirst.st
y
Package: indentfirst 2023/07/02 v1.03 Indent first paragraph (DPC)
) (tcs94_PHYS122_LCR.aux)
\openout1 = `tcs94_PHYS122_LCR.aux'.

LaTeX Font Info:    Checking defaults for OML/cmm/m/it on input line 44.
LaTeX Font Info:    ... okay on input line 44.
LaTeX Font Info:    Checking defaults for OMS/cmsy/m/n on input line 44.
LaTeX Font Info:    ... okay on input line 44.
LaTeX Font Info:    Checking defaults for OT1/cmr/m/n on input line 44.
LaTeX Font Info:    ... okay on input line 44.
LaTeX Font Info:    Checking defaults for T1/cmr/m/n on input line 44.
LaTeX Font Info:    ... okay on input line 44.
LaTeX Font Info:    Checking defaults for TS1/cmr/m/n on input line 44.
LaTeX Font Info:    ... okay on input line 44.
LaTeX Font Info:    Checking defaults for OMX/cmex/m/n on input line 44.
LaTeX Font Info:    ... okay on input line 44.
LaTeX Font Info:    Checking defaults for U/cmr/m/n on input line 44.
LaTeX Font Info:    ... okay on input line 44.

(C:\Users\Trevor\AppData\Local\Programs\MiKTeX\tex/context/base/mkii\supp-pdf.m
kii
[Loading MPS to PDF converter (version 2006.09.02).]
\scratchcounter=\count307
\scratchdimen=\dimen192
\scratchbox=\box59
\nofMPsegments=\count308
\nofMParguments=\count309
\everyMPshowfont=\toks32
\MPscratchCnt=\count310
\MPscratchDim=\dimen193
\MPnumerator=\count311
\makeMPintoPDFobject=\count312
\everyMPtoPDFconversion=\toks33
)
Package caption Info: Begin \AtBeginDocument code.
Package caption Info: End \AtBeginDocument code.

(C:\Users\Trevor\AppData\Local\Programs\MiKTeX\tex/latex/pdflscape\pdflscape.st
y
Package: pdflscape 2022-10-27 v0.13 Display of landscape pages in PDF

(C:\Users\Trevor\AppData\Local\Programs\MiKTeX\tex/latex/pdflscape\pdflscape-no
metadata.sty
Package: pdflscape-nometadata 2022-10-28 v0.13 Display of landscape pages in PD
F (HO)

(C:\Users\Trevor\AppData\Local\Programs\MiKTeX\tex/latex/graphics\lscape.sty
Package: lscape 2020/05/28 v3.02 Landscape Pages (DPC)
)
Package pdflscape Info: Auto-detected driver: pdftex on input line 81.
))
*geometry* driver: auto-detecting
*geometry* detected driver: pdftex
*geometry* verbose mode - [ preamble ] result:
* driver: pdftex
* paper: <default>
* layout: <same size as paper>
* layoutoffset:(h,v)=(0.0pt,0.0pt)
* modes: 
* h-part:(L,W,R)=(72.2698pt, 469.75539pt, 72.2698pt)
* v-part:(T,H,B)=(72.2698pt, 650.43037pt, 72.2698pt)
* \paperwidth=614.295pt
* \paperheight=794.96999pt
* \textwidth=469.75539pt
* \textheight=650.43037pt
* \oddsidemargin=-0.00018pt
* \evensidemargin=-0.00018pt
* \topmargin=-37.00018pt
* \headheight=12.0pt
* \headsep=25.0pt
* \topskip=12.0pt
* \footskip=30.0pt
* \marginparwidth=44.0pt
* \marginparsep=10.0pt
* \columnsep=10.0pt
* \skip\footins=10.8pt plus 4.0pt minus 2.0pt
* \hoffset=0.0pt
* \voffset=0.0pt
* \mag=1000
* \@twocolumnfalse
* \@twosidefalse
* \@mparswitchfalse
* \@reversemarginfalse
* (1in=72.27pt=25.4mm, 1cm=28.453pt)

<LCR_Report-Cover.pdf, id=1, 614.295pt x 795.56242pt>
File: LCR_Report-Cover.pdf Graphic file (type pdf)
<use LCR_Report-Cover.pdf>
Package pdftex.def Info: LCR_Report-Cover.pdf  used on input line 45.
(pdftex.def)             Requested size: 614.29349pt x 795.56049pt.
<LCR_Report-Cover.pdf, id=3, page=1, 614.295pt x 795.56242pt>
File: LCR_Report-Cover.pdf Graphic file (type pdf)
<use LCR_Report-Cover.pdf, page 1>
Package pdftex.def Info: LCR_Report-Cover.pdf , page1 used on input line 45.
(pdftex.def)             Requested size: 614.29349pt x 795.56049pt.
File: LCR_Report-Cover.pdf Graphic file (type pdf)
<use LCR_Report-Cover.pdf, page 1>
Package pdftex.def Info: LCR_Report-Cover.pdf , page1 used on input line 45.
(pdftex.def)             Requested size: 614.26537pt x 795.52406pt.
File: LCR_Report-Cover.pdf Graphic file (type pdf)
<use LCR_Report-Cover.pdf, page 1>
Package pdftex.def Info: LCR_Report-Cover.pdf , page1 used on input line 45.
(pdftex.def)             Requested size: 614.26537pt x 795.52406pt.
File: LCR_Report-Cover.pdf Graphic file (type pdf)
<use LCR_Report-Cover.pdf, page 1>
Package pdftex.def Info: LCR_Report-Cover.pdf , page1 used on input line 45.
(pdftex.def)             Requested size: 614.26537pt x 795.52406pt.
File: LCR_Report-Cover.pdf Graphic file (type pdf)
<use LCR_Report-Cover.pdf, page 1>
Package pdftex.def Info: LCR_Report-Cover.pdf , page1 used on input line 45.
(pdftex.def)             Requested size: 614.26537pt x 795.52406pt.
[1


 <./LCR_Report-Cover.pdf>]
LaTeX Font Info:    Trying to load font information for U+msa on input line 51.


(C:\Users\Trevor\AppData\Local\Programs\MiKTeX\tex/latex/amsfonts\umsa.fd
File: umsa.fd 2013/01/14 v3.01 AMS symbols A
)
LaTeX Font Info:    Trying to load font information for U+msb on input line 51.


(C:\Users\Trevor\AppData\Local\Programs\MiKTeX\tex/latex/amsfonts\umsb.fd
File: umsb.fd 2013/01/14 v3.01 AMS symbols B
)
[2{C:/Users/Trevor/AppData/Local/MiKTeX/fonts/map/pdftex/pdftex.map}] [3]
[4]
<figures/images/LCR_Apparatus_1.png, id=52, 232.61906pt x 153.57375pt>
File: figures/images/LCR_Apparatus_1.png Graphic file (type png)
<use figures/images/LCR_Apparatus_1.png>
Package pdftex.def Info: figures/images/LCR_Apparatus_1.png  used on input line
 159.
(pdftex.def)             Requested size: 234.87769pt x 155.07076pt.
 [5 <./figures/images/LCR_Apparatus_1.png>] [6]
<figures/images/LCR_Apparatus_2.png, id=61, 189.70876pt x 177.66376pt>
File: figures/images/LCR_Apparatus_2.png Graphic file (type png)
<use figures/images/LCR_Apparatus_2.png>
Package pdftex.def Info: figures/images/LCR_Apparatus_2.png  used on input line
 187.
(pdftex.def)             Requested size: 234.87769pt x 219.97003pt.
 [7 <./figures/images/LCR_Apparatus_2.png>] [8] [9] [10] [11]

LaTeX Warning: `h' float specifier changed to `ht'.


LaTeX Warning: `h' float specifier changed to `ht'.


LaTeX Warning: `h' float specifier changed to `ht'.

<figures/images/LCR_D1_Logger-Plot.jpg, id=79, 959.83594pt x 668.4975pt>
File: figures/images/LCR_D1_Logger-Plot.jpg Graphic file (type jpg)
<use figures/images/LCR_D1_Logger-Plot.jpg>
Package pdftex.def Info: figures/images/LCR_D1_Logger-Plot.jpg  used on input l
ine 335.
(pdftex.def)             Requested size: 328.82733pt x 229.02022pt.

LaTeX Warning: `h' float specifier changed to `ht'.

<figures/images/LCR_D2_Logger-Plot.jpg, id=80, 962.84718pt x 669.2503pt>
File: figures/images/LCR_D2_Logger-Plot.jpg Graphic file (type jpg)
<use figures/images/LCR_D2_Logger-Plot.jpg>
Package pdftex.def Info: figures/images/LCR_D2_Logger-Plot.jpg  used on input l
ine 344.
(pdftex.def)             Requested size: 328.82733pt x 228.55307pt.

LaTeX Warning: `h' float specifier changed to `ht'.

<figures/images/LCR_D3_Logger-Plot.jpg, id=81, 956.07187pt x 668.4975pt>
File: figures/images/LCR_D3_Logger-Plot.jpg Graphic file (type jpg)
<use figures/images/LCR_D3_Logger-Plot.jpg>
Package pdftex.def Info: figures/images/LCR_D3_Logger-Plot.jpg  used on input l
ine 353.
(pdftex.def)             Requested size: 328.82733pt x 229.91785pt.

LaTeX Warning: `h' float specifier changed to `ht'.

<figures/images/LCR_D4_Logger-Plot.jpg, id=82, 959.83594pt x 670.75594pt>
File: figures/images/LCR_D4_Logger-Plot.jpg Graphic file (type jpg)
<use figures/images/LCR_D4_Logger-Plot.jpg>
Package pdftex.def Info: figures/images/LCR_D4_Logger-Plot.jpg  used on input l
ine 362.
(pdftex.def)             Requested size: 328.82733pt x 229.79393pt.

LaTeX Warning: `h' float specifier changed to `ht'.

<figures/images/LCR_D5_Logger-Plot.jpg, id=83, 944.02687pt x 667.74469pt>
File: figures/images/LCR_D5_Logger-Plot.jpg Graphic file (type jpg)
<use figures/images/LCR_D5_Logger-Plot.jpg>
Package pdftex.def Info: figures/images/LCR_D5_Logger-Plot.jpg  used on input l
ine 371.
(pdftex.def)             Requested size: 328.82733pt x 232.59335pt.

LaTeX Warning: `h' float specifier changed to `ht'.

<figures/images/LCR_D6_Logger-Plot.jpg, id=84, 967.36406pt x 667.74469pt>
File: figures/images/LCR_D6_Logger-Plot.jpg Graphic file (type jpg)
<use figures/images/LCR_D6_Logger-Plot.jpg>
Package pdftex.def Info: figures/images/LCR_D6_Logger-Plot.jpg  used on input l
ine 380.
(pdftex.def)             Requested size: 328.82733pt x 226.97925pt.

LaTeX Warning: `h' float specifier changed to `ht'.

[12

] [13 <./figures/images/LCR_D1_Logger-Plot.jpg>] [14 <./figures/images/LCR_D2_L
ogger-Plot.jpg> <./figures/images/LCR_D3_Logger-Plot.jpg>] [15 <./figures/image
s/LCR_D4_Logger-Plot.jpg> <./figures/images/LCR_D5_Logger-Plot.jpg>]
[16 <./figures/images/LCR_D6_Logger-Plot.jpg>]
<figures/images/LCR_Gain-Frequency.png, id=101, 774.7344pt x 593.0958pt>
File: figures/images/LCR_Gain-Frequency.png Graphic file (type png)
<use figures/images/LCR_Gain-Frequency.png>
Package pdftex.def Info: figures/images/LCR_Gain-Frequency.png  used on input l
ine 427.
(pdftex.def)             Requested size: 328.82733pt x 251.73206pt.


LaTeX Warning: `h' float specifier changed to `ht'.

[17

] [18 <./figures/images/LCR_Gain-Frequency.png>] [19

] [20] [21]
Overfull \hbox (8.82266pt too wide) detected at line 528
[]
 []

[22

] [23] [24] [25

] [26]
Overfull \hbox (18.06985pt too wide) in paragraph at lines 864--864
[]\OT1/cmtt/m/n/12 three_1 = [0.0866, 0.0001, 4.8 * pow(10, -7), pow(10, -8), 2
87.9, 0.1414213562][] 
 []


Overfull \hbox (24.24486pt too wide) in paragraph at lines 864--864
[]\OT1/cmtt/m/n/12 five_1 = [0.0866, 0.0001, 4.8 * pow(10, -7), pow(10, -8), 11
78.8, 10.0].8, 14.1][] 
 []


Overfull \hbox (5.71985pt too wide) in paragraph at lines 864--864
[]    \OT1/cmtt/m/n/12 return sqrt(pow(d_w_l_calc, 2) + pow(d_w_c_calc, 2) + po
w(d_w_r_calc, 2))[] 
 []

[27

]
Overfull \hbox (24.24486pt too wide) in paragraph at lines 864--864
[]    \OT1/cmtt/m/n/12 return sqrt(pow(d_xi_l_calc, 2) + pow(d_xi_c_calc, 2) + 
pow(d_xi_r_calc, 2))[] 
 []

[28]
Overfull \hbox (18.06985pt too wide) in paragraph at lines 864--864
[]            \OT1/cmtt/m/n/12 d_xi(d_xi_l(*list_input), d_xi_c(*list_input), d
_xi_r(*list_input))[] 
 []

[29]
Overfull \hbox (5.71985pt too wide) in paragraph at lines 864--864
[]    \OT1/cmtt/m/n/12 return sqrt(pow(d_q_l_calc, 2) + pow(d_q_c_calc, 2) + po
w(d_q_r_calc, 2))[] 
 []

[30] [31] [32] (tcs94_PHYS122_LCR.aux)
 ***********
LaTeX2e <2023-11-01> patch level 1
L3 programming layer <2024-03-14>
 ***********
 ) 
Here is how much of TeX's memory you used:
 10293 strings out of 474424
 218070 string characters out of 5741267
 1949496 words of memory out of 5000000
 32505 multiletter control sequences out of 15000+600000
 567301 words of font info for 72 fonts, out of 8000000 for 9000
 1141 hyphenation exceptions out of 8191
 68i,17n,79p,2264b,434s stack positions out of 10000i,1000n,20000p,200000b,200000s
<C:/Users/Trevor/AppData/Local/Programs/MiKTeX/fonts/type1/public/amsfonts/cm
/cmbx12.pfb><C:/Users/Trevor/AppData/Local/Programs/MiKTeX/fonts/type1/public/a
msfonts/cm/cmex10.pfb><C:/Users/Trevor/AppData/Local/Programs/MiKTeX/fonts/type
1/public/amsfonts/cm/cmmi12.pfb><C:/Users/Trevor/AppData/Local/Programs/MiKTeX/
fonts/type1/public/amsfonts/cm/cmmi6.pfb><C:/Users/Trevor/AppData/Local/Program
s/MiKTeX/fonts/type1/public/amsfonts/cm/cmmi8.pfb><C:/Users/Trevor/AppData/Loca
l/Programs/MiKTeX/fonts/type1/public/amsfonts/cm/cmr10.pfb><C:/Users/Trevor/App
Data/Local/Programs/MiKTeX/fonts/type1/public/amsfonts/cm/cmr12.pfb><C:/Users/T
revor/AppData/Local/Programs/MiKTeX/fonts/type1/public/amsfonts/cm/cmr17.pfb><C
:/Users/Trevor/AppData/Local/Programs/MiKTeX/fonts/type1/public/amsfonts/cm/cmr
6.pfb><C:/Users/Trevor/AppData/Local/Programs/MiKTeX/fonts/type1/public/amsfont
s/cm/cmr8.pfb><C:/Users/Trevor/AppData/Local/Programs/MiKTeX/fonts/type1/public
/amsfonts/cm/cmsy10.pfb><C:/Users/Trevor/AppData/Local/Programs/MiKTeX/fonts/ty
pe1/public/amsfonts/cm/cmsy6.pfb><C:/Users/Trevor/AppData/Local/Programs/MiKTeX
/fonts/type1/public/amsfonts/cm/cmsy8.pfb><C:/Users/Trevor/AppData/Local/Progra
ms/MiKTeX/fonts/type1/public/amsfonts/cm/cmtt12.pfb>
Output written on tcs94_PHYS122_LCR.pdf (32 pages, 1391271 bytes).
PDF statistics:
 215 PDF objects out of 1000 (max. 8388607)
 0 named destinations out of 1000 (max. 500000)
 61 words of extra memory for PDF output out of 10000 (max. 10000000)

